13:07:18 main ERROR com.huawei.Main.main(11) please input args: inputFilePath, resultFilePath
13:10:13 main ERROR com.huawei.Main.main(11) please input args: inputFilePath, resultFilePath
13:10:35 main INFO com.huawei.Main.main(11) please input args: inputFilePath, resultFilePath
13:22:41 main INFO com.huawei.Main.main(15) Start...
13:22:41 main INFO com.huawei.Main.main(21) carPath = C:\testfile\config_1\car.txt roadPath = C:\testfile\config_1\cross.txt crossPath = C:\testfile\config_1\road.txt and answerPath = C:\testfile\config_1\answer.txt
13:22:41 main INFO com.huawei.Main.main(24) start read input files
13:22:41 main INFO com.huawei.Main.main(29) Start write output file
13:22:41 main INFO com.huawei.Main.main(31) End...
13:38:55 main INFO com.huawei.Main.main(17) Start...
13:38:55 main INFO com.huawei.Main.main(23) carPath = C:\testfile\config_1\car.txt roadPath = C:\testfile\config_1\cross.txt crossPath = C:\testfile\config_1\road.txt and answerPath = C:\testfile\config_1\answer.txt
13:38:55 main INFO com.huawei.Main.main(26) start read input files
13:38:56 main INFO com.huawei.Main.main(32) Start write output file
13:38:56 main INFO com.huawei.Main.main(34) End...
13:41:22 main INFO com.huawei.Main.main(17) Start...
13:41:23 main INFO com.huawei.Main.main(23) carPath = C:\testfile\config_1\car.txt roadPath = C:\testfile\config_1\cross.txt crossPath = C:\testfile\config_1\road.txt and answerPath = C:\testfile\config_1\answer.txt
13:41:23 main INFO com.huawei.Main.main(26) start read input files
13:41:23 main INFO com.huawei.Main.main(34) Start write output file
13:41:23 main INFO com.huawei.Main.main(36) End...
13:43:18 main INFO com.huawei.Main.main(17) Start...
13:43:18 main INFO com.huawei.Main.main(23) carPath = C:\testfile\config_1\car.txt roadPath = C:\testfile\config_1\cross.txt crossPath = C:\testfile\config_1\road.txt and answerPath = C:\testfile\config_1\answer.txt
13:43:18 main INFO com.huawei.Main.main(26) start read input files
13:43:18 main INFO com.huawei.Main.main(36) Start write output file
13:43:18 main INFO com.huawei.Main.main(38) End...
21:22:37 main INFO com.huawei.Main.main(18) Start...
21:22:37 main INFO com.huawei.Main.main(24) carPath = C:\testfile\config_1\car.txt roadPath = C:\testfile\config_1\cross.txt crossPath = C:\testfile\config_1\road.txt and answerPath = C:\testfile\config_1\answer.txt
21:22:37 main INFO com.huawei.Main.main(27) start read input files
21:25:17 main INFO com.huawei.Main.main(18) Start...
21:25:17 main INFO com.huawei.Main.main(24) carPath = C:\testfile\config_1\car.txt roadPath = C:\testfile\config_1\cross.txt crossPath = C:\testfile\config_1\road.txt and answerPath = C:\testfile\config_1\answer.txt
21:25:17 main INFO com.huawei.Main.main(27) start read input files
21:25:51 main INFO com.huawei.Main.main(18) Start...
21:25:51 main INFO com.huawei.Main.main(24) carPath = C:\testfile\config_1\car.txt roadPath = C:\testfile\config_1\cross.txt crossPath = C:\testfile\config_1\road.txt and answerPath = C:\testfile\config_1\answer.txt
21:25:51 main INFO com.huawei.Main.main(27) start read input files
21:26:10 main INFO com.huawei.Main.main(18) Start...
21:26:10 main INFO com.huawei.Main.main(24) carPath = C:\testfile\config_1\car.txt roadPath = C:\testfile\config_1\cross.txt crossPath = C:\testfile\config_1\road.txt and answerPath = C:\testfile\config_1\answer.txt
21:26:10 main INFO com.huawei.Main.main(27) start read input files
21:29:55 main INFO com.huawei.Main.main(18) Start...
21:29:55 main INFO com.huawei.Main.main(24) carPath = C:\testfile\config_1\car.txt roadPath = C:\testfile\config_1\cross.txt crossPath = C:\testfile\config_1\road.txt and answerPath = C:\testfile\config_1\answer.txt
21:29:55 main INFO com.huawei.Main.main(27) start read input files
21:31:29 main INFO com.huawei.Main.main(18) Start...
21:31:29 main INFO com.huawei.Main.main(24) carPath = C:\testfile\config_1\car.txt roadPath = C:\testfile\config_1\cross.txt crossPath = C:\testfile\config_1\road.txt and answerPath = C:\testfile\config_1\answer.txt
21:31:29 main INFO com.huawei.Main.main(27) start read input files
21:33:40 main INFO com.huawei.Main.main(18) Start...
21:33:40 main INFO com.huawei.Main.main(24) carPath = C:\testfile\config_1\car.txt roadPath = C:\testfile\config_1\road.txt crossPath = C:\testfile\config_1\cross.txt and answerPath = C:\testfile\config_1\answer.txt
21:33:40 main INFO com.huawei.Main.main(27) start read input files
21:33:40 main INFO com.huawei.Main.main(41) Start write output file
21:33:40 main INFO com.huawei.Main.main(43) End...
21:34:54 main INFO com.huawei.Main.main(18) Start...
21:34:54 main INFO com.huawei.Main.main(24) carPath = C:\testfile\config_1\car.txt roadPath = C:\testfile\config_1\road.txt crossPath = C:\testfile\config_1\cross.txt and answerPath = C:\testfile\config_1\answer.txt
21:34:54 main INFO com.huawei.Main.main(27) start read input files
21:34:54 main INFO com.huawei.Main.main(44) Start write output file
21:34:54 main INFO com.huawei.Main.main(46) End...
21:35:34 main INFO com.huawei.Main.main(18) Start...
21:35:34 main INFO com.huawei.Main.main(24) carPath = C:\testfile\config_1\car.txt roadPath = C:\testfile\config_1\road.txt crossPath = C:\testfile\config_1\cross.txt and answerPath = C:\testfile\config_1\answer.txt
21:35:34 main INFO com.huawei.Main.main(27) start read input files
21:35:34 main INFO com.huawei.Main.main(43) Start write output file
21:35:34 main INFO com.huawei.Main.main(45) End...
21:38:40 main INFO com.huawei.Main.main(18) Start...
21:38:40 main INFO com.huawei.Main.main(24) carPath = C:\testfile\config_1\car.txt roadPath = C:\testfile\config_1\road.txt crossPath = C:\testfile\config_1\cross.txt and answerPath = C:\testfile\config_1\answer.txt
21:38:40 main INFO com.huawei.Main.main(27) start read input files
21:38:40 main INFO com.huawei.Main.main(46) Start write output file
21:38:40 main INFO com.huawei.Main.main(48) End...
13:24:28 main INFO com.huawei.Main.main(18) Start...
13:24:28 main INFO com.huawei.Main.main(24) carPath = C:\testfile\config_1\car.txt roadPath = C:\testfile\config_1\road.txt crossPath = C:\testfile\config_1\cross.txt and answerPath = C:\testfile\config_1\answer.txt
13:24:28 main INFO com.huawei.Main.main(27) start read input files
13:24:28 main INFO com.huawei.Main.main(46) Start write output file
13:24:28 main INFO com.huawei.Main.main(48) End...
15:08:05 main INFO com.huawei.Main.main(19) Start...
15:08:05 main INFO com.huawei.Main.main(24) carPath = C:\testfile\config_1\car.txt roadPath = C:\testfile\config_1\road.txt crossPath = C:\testfile\config_1\cross.txt and answerPath = C:\testfile\config_1\answer.txt
15:08:05 main INFO com.huawei.Main.main(27) start read input files
15:08:05 main INFO com.huawei.Main.main(37) Start write output file
15:08:05 main INFO com.huawei.Main.main(39) End...
15:08:59 main INFO com.huawei.Main.main(19) Start...
15:08:59 main INFO com.huawei.Main.main(24) carPath = C:\testfile\config_1\car.txt roadPath = C:\testfile\config_1\road.txt crossPath = C:\testfile\config_1\cross.txt and answerPath = C:\testfile\config_1\answer.txt
15:08:59 main INFO com.huawei.Main.main(27) start read input files
15:08:59 main INFO com.huawei.Main.main(37) Start write output file
15:08:59 main INFO com.huawei.Main.main(39) End...
15:11:58 main INFO com.huawei.Main.main(19) Start...
15:11:58 main INFO com.huawei.Main.main(24) carPath = C:\testfile\config_1\car.txt roadPath = C:\testfile\config_1\road.txt crossPath = C:\testfile\config_1\cross.txt and answerPath = C:\testfile\config_1\answer.txt
15:11:58 main INFO com.huawei.Main.main(27) start read input files
15:13:50 main INFO com.huawei.Main.main(19) Start...
15:13:50 main INFO com.huawei.Main.main(24) carPath = C:\testfile\config_1\car.txt roadPath = C:\testfile\config_1\road.txt crossPath = C:\testfile\config_1\cross.txt and answerPath = C:\testfile\config_1\answer.txt
15:13:50 main INFO com.huawei.Main.main(27) start read input files
15:15:08 main INFO com.huawei.Main.main(19) Start...
15:15:08 main INFO com.huawei.Main.main(24) carPath = C:\testfile\config_1\car.txt roadPath = C:\testfile\config_1\road.txt crossPath = C:\testfile\config_1\cross.txt and answerPath = C:\testfile\config_1\answer.txt
15:15:08 main INFO com.huawei.Main.main(27) start read input files
15:17:42 main INFO com.huawei.Main.main(19) Start...
15:17:42 main INFO com.huawei.Main.main(24) carPath = C:\testfile\config_1\car.txt roadPath = C:\testfile\config_1\road.txt crossPath = C:\testfile\config_1\cross.txt and answerPath = C:\testfile\config_1\answer.txt
15:17:42 main INFO com.huawei.Main.main(27) start read input files
15:17:42 main INFO com.huawei.Main.main(38) Start write output file
15:17:42 main INFO com.huawei.Main.main(40) End...
15:23:54 main INFO com.huawei.Main.main(19) Start...
15:23:54 main INFO com.huawei.Main.main(24) carPath = C:\testfile\config_1\car.txt roadPath = C:\testfile\config_1\road.txt crossPath = C:\testfile\config_1\cross.txt and answerPath = C:\testfile\config_1\answer.txt
15:23:54 main INFO com.huawei.Main.main(27) start read input files
15:23:54 main INFO com.huawei.Main.main(38) Start write output file
15:23:54 main INFO com.huawei.Main.main(40) End...
15:31:00 main INFO com.huawei.Main.main(19) Start...
15:31:00 main INFO com.huawei.Main.main(24) carPath = C:\testfile\config_1\car.txt roadPath = C:\testfile\config_1\road.txt crossPath = C:\testfile\config_1\cross.txt and answerPath = C:\testfile\config_1\answer.txt
15:31:00 main INFO com.huawei.Main.main(27) start read input files
15:31:00 main INFO com.huawei.Main.main(38) Start write output file
15:31:00 main INFO com.huawei.Main.main(40) End...
15:40:50 main INFO com.huawei.Main.main(19) Start...
15:40:50 main INFO com.huawei.Main.main(24) carPath = C:\testfile\config_1\car.txt roadPath = C:\testfile\config_1\road.txt crossPath = C:\testfile\config_1\cross.txt and answerPath = C:\testfile\config_1\answer.txt
15:40:50 main INFO com.huawei.Main.main(27) start read input files
15:40:50 main INFO com.huawei.Main.main(38) Start write output file
15:40:50 main INFO com.huawei.Main.main(40) End...
15:42:28 main INFO com.huawei.Main.main(19) Start...
15:42:28 main INFO com.huawei.Main.main(24) carPath = C:\testfile\config_1\car.txt roadPath = C:\testfile\config_1\road.txt crossPath = C:\testfile\config_1\cross.txt and answerPath = C:\testfile\config_1\answer.txt
15:42:28 main INFO com.huawei.Main.main(27) start read input files
15:42:29 main INFO com.huawei.Main.main(38) Start write output file
15:42:29 main INFO com.huawei.Main.main(40) End...
15:45:54 main INFO com.huawei.Main.main(19) Start...
15:45:54 main INFO com.huawei.Main.main(24) carPath = C:\testfile\config_1\car.txt roadPath = C:\testfile\config_1\road.txt crossPath = C:\testfile\config_1\cross.txt and answerPath = C:\testfile\config_1\answer.txt
15:45:54 main INFO com.huawei.Main.main(27) start read input files
15:45:54 main INFO com.huawei.Main.main(38) Start write output file
15:45:54 main INFO com.huawei.Main.main(40) End...
15:48:38 main INFO com.huawei.Main.main(19) Start...
15:48:38 main INFO com.huawei.Main.main(24) carPath = C:\testfile\config_1\car.txt roadPath = C:\testfile\config_1\road.txt crossPath = C:\testfile\config_1\cross.txt and answerPath = C:\testfile\config_1\answer.txt
15:48:38 main INFO com.huawei.Main.main(27) start read input files
15:48:38 main INFO com.huawei.Main.main(38) Start write output file
15:48:38 main INFO com.huawei.Main.main(40) End...
15:50:19 main INFO com.huawei.Main.main(19) Start...
15:50:19 main INFO com.huawei.Main.main(24) carPath = C:\testfile\config_1\car.txt roadPath = C:\testfile\config_1\road.txt crossPath = C:\testfile\config_1\cross.txt and answerPath = C:\testfile\config_1\answer.txt
15:50:19 main INFO com.huawei.Main.main(27) start read input files
15:50:19 main INFO com.huawei.Main.main(38) Start write output file
15:50:19 main INFO com.huawei.Main.main(40) End...
15:51:11 main INFO com.huawei.Main.main(19) Start...
15:51:11 main INFO com.huawei.Main.main(24) carPath = C:\testfile\config_1\car.txt roadPath = C:\testfile\config_1\road.txt crossPath = C:\testfile\config_1\cross.txt and answerPath = C:\testfile\config_1\answer.txt
15:51:11 main INFO com.huawei.Main.main(27) start read input files
15:51:11 main INFO com.huawei.Main.main(38) Start write output file
15:51:11 main INFO com.huawei.Main.main(40) End...
15:52:00 main INFO com.huawei.Main.main(19) Start...
15:52:00 main INFO com.huawei.Main.main(24) carPath = C:\testfile\config_1\car.txt roadPath = C:\testfile\config_1\road.txt crossPath = C:\testfile\config_1\cross.txt and answerPath = C:\testfile\config_1\answer.txt
15:52:00 main INFO com.huawei.Main.main(27) start read input files
15:52:00 main INFO com.huawei.Main.main(38) Start write output file
15:52:00 main INFO com.huawei.Main.main(40) End...
15:53:19 main INFO com.huawei.Main.main(19) Start...
15:53:19 main INFO com.huawei.Main.main(24) carPath = C:\testfile\config_1\car.txt roadPath = C:\testfile\config_1\road.txt crossPath = C:\testfile\config_1\cross.txt and answerPath = C:\testfile\config_1\answer.txt
15:53:19 main INFO com.huawei.Main.main(27) start read input files
15:53:19 main INFO com.huawei.Main.main(38) Start write output file
15:53:19 main INFO com.huawei.Main.main(40) End...
15:58:27 main INFO com.huawei.Main.main(19) Start...
15:58:27 main INFO com.huawei.Main.main(24) carPath = C:\testfile\config_1\car.txt roadPath = C:\testfile\config_1\road.txt crossPath = C:\testfile\config_1\cross.txt and answerPath = C:\testfile\config_1\answer.txt
15:58:27 main INFO com.huawei.Main.main(27) start read input files
15:58:27 main INFO com.huawei.Main.main(41) Start write output file
15:58:27 main INFO com.huawei.Main.main(43) End...
16:13:11 main INFO com.huawei.Main.main(18) Start...
16:13:11 main INFO com.huawei.Main.main(23) carPath = C:\testfile\config_1\car.txt roadPath = C:\testfile\config_1\road.txt crossPath = C:\testfile\config_1\cross.txt and answerPath = C:\testfile\config_1\answer.txt
16:13:11 main INFO com.huawei.Main.main(26) start read input files
16:13:11 main INFO com.huawei.Main.main(40) Start write output file
16:13:11 main INFO com.huawei.Main.main(42) End...
16:14:24 main INFO com.huawei.Main.main(18) Start...
16:14:24 main INFO com.huawei.Main.main(23) carPath = C:\testfile\config_2\car.txt roadPath = C:\testfile\config_2\road.txt crossPath = C:\testfile\config_2\cross.txt and answerPath = C:\testfile\config_2\answer.txt
16:14:24 main INFO com.huawei.Main.main(26) start read input files
16:14:25 main INFO com.huawei.Main.main(40) Start write output file
16:14:25 main INFO com.huawei.Main.main(42) End...
16:15:21 main INFO com.huawei.Main.main(18) Start...
16:15:21 main INFO com.huawei.Main.main(23) carPath = C:\testfile\config_2\car.txt roadPath = C:\testfile\config_2\road.txt crossPath = C:\testfile\config_2\cross.txt and answerPath = C:\testfile\config_2\answer.txt
16:15:21 main INFO com.huawei.Main.main(26) start read input files
16:15:21 main INFO com.huawei.Main.main(40) Start write output file
16:15:21 main INFO com.huawei.Main.main(42) End...
19:11:27 main INFO com.huawei.Main.main(18) Start...
19:11:27 main INFO com.huawei.Main.main(23) carPath = C:\testfile\config_2\car.txt roadPath = C:\testfile\config_2\road.txt crossPath = C:\testfile\config_2\cross.txt and answerPath = C:\testfile\config_2\answer.txt
19:11:27 main INFO com.huawei.Main.main(26) start read input files
19:11:29 main INFO com.huawei.Main.main(40) Start write output file
19:11:29 main INFO com.huawei.Main.main(42) End...
19:14:27 main INFO com.huawei.Main.main(18) Start...
19:14:28 main INFO com.huawei.Main.main(23) carPath = C:\testfile\config_2\car.txt roadPath = C:\testfile\config_2\road.txt crossPath = C:\testfile\config_2\cross.txt and answerPath = C:\testfile\config_2\answer.txt
19:14:28 main INFO com.huawei.Main.main(26) start read input files
19:14:29 main INFO com.huawei.Main.main(40) Start write output file
19:14:29 main INFO com.huawei.Main.main(42) End...
21:15:44 main INFO com.huawei.Main.main(18) Start...
21:15:44 main INFO com.huawei.Main.main(23) carPath = C:\testfile\config_2\car.txt roadPath = C:\testfile\config_2\road.txt crossPath = C:\testfile\config_2\cross.txt and answerPath = C:\testfile\config_2\answer.txt
21:15:44 main INFO com.huawei.Main.main(26) start read input files
21:15:45 main INFO com.huawei.Main.main(40) Start write output file
21:15:45 main INFO com.huawei.Main.main(42) End...
21:31:23 main INFO com.huawei.Main.main(18) Start...
21:31:23 main INFO com.huawei.Main.main(23) carPath = C:\testfile\config_2\car.txt roadPath = C:\testfile\config_2\road.txt crossPath = C:\testfile\config_2\cross.txt and answerPath = C:\testfile\config_2\answer.txt
21:31:23 main INFO com.huawei.Main.main(26) start read input files
21:31:23 main INFO com.huawei.Main.main(40) Start write output file
21:31:24 main INFO com.huawei.Main.main(42) End...
21:33:57 main INFO com.huawei.Main.main(18) Start...
21:33:57 main INFO com.huawei.Main.main(23) carPath = C:\testfile\config_2\car.txt roadPath = C:\testfile\config_2\road.txt crossPath = C:\testfile\config_2\cross.txt and answerPath = C:\testfile\config_2\answer.txt
21:33:57 main INFO com.huawei.Main.main(26) start read input files
21:33:57 main INFO com.huawei.Main.main(40) Start write output file
21:33:57 main INFO com.huawei.Main.main(42) End...
21:38:11 main INFO com.huawei.Main.main(18) Start...
21:38:11 main INFO com.huawei.Main.main(23) carPath = C:\testfile\config_2\car.txt roadPath = C:\testfile\config_2\road.txt crossPath = C:\testfile\config_2\cross.txt and answerPath = C:\testfile\config_2\answer.txt
21:38:11 main INFO com.huawei.Main.main(26) start read input files
21:38:11 main INFO com.huawei.Main.main(40) Start write output file
21:38:11 main INFO com.huawei.Main.main(42) End...
13:25:44 main INFO com.huawei.Main.main(18) Start...
13:25:44 main INFO com.huawei.Main.main(23) carPath = C:\testfile\config_2\car.txt roadPath = C:\testfile\config_2\road.txt crossPath = C:\testfile\config_2\cross.txt and answerPath = C:\testfile\config_2\answer.txt
13:25:44 main INFO com.huawei.Main.main(26) start read input files
13:25:44 main INFO com.huawei.Main.main(40) Start write output file
13:25:44 main INFO com.huawei.Main.main(42) End...
13:37:49 main INFO com.huawei.Main.main(18) Start...
13:37:49 main INFO com.huawei.Main.main(23) carPath = C:\testfile\config_2\car.txt roadPath = C:\testfile\config_2\road.txt crossPath = C:\testfile\config_2\cross.txt and answerPath = C:\testfile\config_2\answer.txt
13:37:49 main INFO com.huawei.Main.main(26) start read input files
13:38:46 main INFO com.huawei.Main.main(18) Start...
13:38:46 main INFO com.huawei.Main.main(23) carPath = C:\testfile\config_2\car.txt roadPath = C:\testfile\config_2\road.txt crossPath = C:\testfile\config_2\cross.txt and answerPath = C:\testfile\config_2\answer.txt
13:38:46 main INFO com.huawei.Main.main(26) start read input files
13:38:46 main INFO com.huawei.Main.main(40) Start write output file
13:38:46 main INFO com.huawei.Main.main(42) End...
13:45:06 main INFO com.huawei.Main.main(18) Start...
13:45:06 main INFO com.huawei.Main.main(23) carPath = C:\testfile\config_2\car.txt roadPath = C:\testfile\config_2\road.txt crossPath = C:\testfile\config_2\cross.txt and answerPath = C:\testfile\config_2\answer.txt
13:45:06 main INFO com.huawei.Main.main(26) start read input files
14:26:46 main INFO com.huawei.Main.main(18) Start...
14:26:46 main INFO com.huawei.Main.main(23) carPath = C:\testfile\config_2\car.txt roadPath = C:\testfile\config_2\road.txt crossPath = C:\testfile\config_2\cross.txt and answerPath = C:\testfile\config_2\answer.txt
14:26:46 main INFO com.huawei.Main.main(26) start read input files
14:28:30 main INFO com.huawei.Main.main(18) Start...
14:28:30 main INFO com.huawei.Main.main(23) carPath = C:\testfile\config_2\car.txt roadPath = C:\testfile\config_2\road.txt crossPath = C:\testfile\config_2\cross.txt and answerPath = C:\testfile\config_2\answer.txt
14:28:30 main INFO com.huawei.Main.main(26) start read input files
14:32:50 main INFO com.huawei.Main.main(18) Start...
14:32:50 main INFO com.huawei.Main.main(23) carPath = C:\testfile\config_2\car.txt roadPath = C:\testfile\config_2\road.txt crossPath = C:\testfile\config_2\cross.txt and answerPath = C:\testfile\config_2\answer.txt
14:32:50 main INFO com.huawei.Main.main(26) start read input files
14:34:51 main INFO com.huawei.Main.main(18) Start...
14:34:51 main INFO com.huawei.Main.main(23) carPath = C:\testfile\config_2\car.txt roadPath = C:\testfile\config_2\road.txt crossPath = C:\testfile\config_2\cross.txt and answerPath = C:\testfile\config_2\answer.txt
14:34:51 main INFO com.huawei.Main.main(26) start read input files
14:36:25 main INFO com.huawei.Main.main(18) Start...
14:36:25 main INFO com.huawei.Main.main(23) carPath = C:\testfile\config_2\car.txt roadPath = C:\testfile\config_2\road.txt crossPath = C:\testfile\config_2\cross.txt and answerPath = C:\testfile\config_2\answer.txt
14:36:25 main INFO com.huawei.Main.main(26) start read input files
14:36:25 main INFO com.huawei.Main.main(40) Start write output file
14:36:25 main INFO com.huawei.Main.main(42) End...
14:38:41 main INFO com.huawei.Main.main(18) Start...
14:38:41 main INFO com.huawei.Main.main(23) carPath = C:\testfile\config_2\car.txt roadPath = C:\testfile\config_2\road.txt crossPath = C:\testfile\config_2\cross.txt and answerPath = C:\testfile\config_2\answer.txt
14:38:41 main INFO com.huawei.Main.main(26) start read input files
14:38:41 main INFO com.huawei.Main.main(40) Start write output file
14:38:41 main INFO com.huawei.Main.main(42) End...
14:49:57 main INFO com.huawei.Main.main(18) Start...
14:49:57 main INFO com.huawei.Main.main(23) carPath = C:\testfile\config_2\car.txt roadPath = C:\testfile\config_2\road.txt crossPath = C:\testfile\config_2\cross.txt and answerPath = C:\testfile\config_2\answer.txt
14:49:57 main INFO com.huawei.Main.main(26) start read input files
14:49:57 main INFO com.huawei.Main.main(40) Start write output file
14:49:57 main INFO com.huawei.Main.main(42) End...
14:58:29 main INFO com.huawei.Main.main(18) Start...
14:58:29 main INFO com.huawei.Main.main(23) carPath = C:\testfile\config_2\car.txt roadPath = C:\testfile\config_2\road.txt crossPath = C:\testfile\config_2\cross.txt and answerPath = C:\testfile\config_2\answer.txt
14:58:29 main INFO com.huawei.Main.main(26) start read input files
20:37:37 main INFO com.huawei.Main.main(18) Start...
20:37:37 main INFO com.huawei.Main.main(23) carPath = C:\testfile\config_2\car.txt roadPath = C:\testfile\config_2\road.txt crossPath = C:\testfile\config_2\cross.txt and answerPath = C:\testfile\config_2\answer.txt
20:37:37 main INFO com.huawei.Main.main(26) start read input files
20:39:20 main INFO com.huawei.Main.main(18) Start...
20:39:20 main INFO com.huawei.Main.main(23) carPath = C:\testfile\config_2\car.txt roadPath = C:\testfile\config_2\road.txt crossPath = C:\testfile\config_2\cross.txt and answerPath = C:\testfile\config_2\answer.txt
20:39:20 main INFO com.huawei.Main.main(26) start read input files
20:39:20 main INFO com.huawei.Main.main(40) Start write output file
20:39:20 main INFO com.huawei.Main.main(42) End...
20:40:09 main INFO com.huawei.Main.main(18) Start...
20:40:09 main INFO com.huawei.Main.main(23) carPath = C:\testfile\config_2\car.txt roadPath = C:\testfile\config_2\road.txt crossPath = C:\testfile\config_2\cross.txt and answerPath = C:\testfile\config_2\answer.txt
20:40:09 main INFO com.huawei.Main.main(26) start read input files
20:40:09 main INFO com.huawei.Main.main(40) Start write output file
20:40:09 main INFO com.huawei.Main.main(42) End...
20:52:49 main INFO com.huawei.Main.main(18) Start...
20:52:49 main INFO com.huawei.Main.main(23) carPath = C:\testfile\config_2\car.txt roadPath = C:\testfile\config_2\road.txt crossPath = C:\testfile\config_2\cross.txt and answerPath = C:\testfile\config_2\answer.txt
20:52:49 main INFO com.huawei.Main.main(26) start read input files
20:52:49 main INFO com.huawei.Main.main(40) Start write output file
20:52:49 main INFO com.huawei.Main.main(42) End...
20:57:12 main INFO com.huawei.Main.main(18) Start...
20:57:12 main INFO com.huawei.Main.main(23) carPath = C:\testfile\config_2\car.txt roadPath = C:\testfile\config_2\road.txt crossPath = C:\testfile\config_2\cross.txt and answerPath = C:\testfile\config_2\answer.txt
20:57:12 main INFO com.huawei.Main.main(26) start read input files
20:57:12 main INFO com.huawei.Main.main(40) Start write output file
20:57:12 main INFO com.huawei.Main.main(42) End...
21:02:51 main INFO com.huawei.Main.main(18) Start...
21:02:51 main INFO com.huawei.Main.main(23) carPath = C:\testfile\config_2\car.txt roadPath = C:\testfile\config_2\road.txt crossPath = C:\testfile\config_2\cross.txt and answerPath = C:\testfile\config_2\answer.txt
21:02:51 main INFO com.huawei.Main.main(26) start read input files
21:02:51 main INFO com.huawei.Main.main(40) Start write output file
21:02:51 main INFO com.huawei.Main.main(42) End...
21:05:13 main INFO com.huawei.Main.main(18) Start...
21:05:13 main INFO com.huawei.Main.main(23) carPath = C:\testfile\config_2\car.txt roadPath = C:\testfile\config_2\road.txt crossPath = C:\testfile\config_2\cross.txt and answerPath = C:\testfile\config_2\answer.txt
21:05:13 main INFO com.huawei.Main.main(26) start read input files
21:05:13 main INFO com.huawei.Main.main(40) Start write output file
21:05:13 main INFO com.huawei.Main.main(42) End...
21:05:55 main INFO com.huawei.Main.main(18) Start...
21:05:55 main INFO com.huawei.Main.main(23) carPath = C:\testfile\config_2\car.txt roadPath = C:\testfile\config_2\road.txt crossPath = C:\testfile\config_2\cross.txt and answerPath = C:\testfile\config_2\answer.txt
21:05:55 main INFO com.huawei.Main.main(26) start read input files
21:05:55 main INFO com.huawei.Main.main(40) Start write output file
21:05:55 main INFO com.huawei.Main.main(42) End...
21:07:07 main INFO com.huawei.Main.main(18) Start...
21:07:07 main INFO com.huawei.Main.main(23) carPath = C:\testfile\config_2\car.txt roadPath = C:\testfile\config_2\road.txt crossPath = C:\testfile\config_2\cross.txt and answerPath = C:\testfile\config_2\answer.txt
21:07:07 main INFO com.huawei.Main.main(26) start read input files
21:07:08 main INFO com.huawei.Main.main(40) Start write output file
21:07:08 main INFO com.huawei.Main.main(42) End...
21:19:13 main INFO com.huawei.Main.main(18) Start...
21:19:13 main INFO com.huawei.Main.main(23) carPath = C:\testfile\config_2\car.txt roadPath = C:\testfile\config_2\road.txt crossPath = C:\testfile\config_2\cross.txt and answerPath = C:\testfile\config_2\answer.txt
21:19:13 main INFO com.huawei.Main.main(26) start read input files
21:19:13 main INFO com.huawei.Main.main(40) Start write output file
21:19:13 main INFO com.huawei.Main.main(42) End...
21:21:03 main INFO com.huawei.Main.main(18) Start...
21:21:03 main INFO com.huawei.Main.main(23) carPath = C:\testfile\config_2\car.txt roadPath = C:\testfile\config_2\road.txt crossPath = C:\testfile\config_2\cross.txt and answerPath = C:\testfile\config_2\answer.txt
21:21:03 main INFO com.huawei.Main.main(26) start read input files
21:21:04 main INFO com.huawei.Main.main(40) Start write output file
21:21:04 main INFO com.huawei.Main.main(42) End...
21:21:30 main INFO com.huawei.Main.main(18) Start...
21:21:30 main INFO com.huawei.Main.main(23) carPath = C:\testfile\config_2\car.txt roadPath = C:\testfile\config_2\road.txt crossPath = C:\testfile\config_2\cross.txt and answerPath = C:\testfile\config_2\answer.txt
21:21:30 main INFO com.huawei.Main.main(26) start read input files
21:21:30 main INFO com.huawei.Main.main(40) Start write output file
21:21:30 main INFO com.huawei.Main.main(42) End...
21:23:28 main INFO com.huawei.Main.main(18) Start...
21:23:28 main INFO com.huawei.Main.main(23) carPath = C:\testfile\config_2\car.txt roadPath = C:\testfile\config_2\road.txt crossPath = C:\testfile\config_2\cross.txt and answerPath = C:\testfile\config_2\answer.txt
21:23:28 main INFO com.huawei.Main.main(26) start read input files
21:23:28 main INFO com.huawei.Main.main(40) Start write output file
21:23:28 main INFO com.huawei.Main.main(42) End...
21:30:54 main INFO com.huawei.Main.main(18) Start...
21:30:54 main INFO com.huawei.Main.main(23) carPath = C:\testfile\config_2\car.txt roadPath = C:\testfile\config_2\road.txt crossPath = C:\testfile\config_2\cross.txt and answerPath = C:\testfile\config_2\answer.txt
21:30:54 main INFO com.huawei.Main.main(26) start read input files
21:30:54 main INFO com.huawei.Main.main(40) Start write output file
21:30:54 main INFO com.huawei.Main.main(42) End...
21:31:47 main INFO com.huawei.Main.main(18) Start...
21:31:47 main INFO com.huawei.Main.main(23) carPath = C:\testfile\config_2\car.txt roadPath = C:\testfile\config_2\road.txt crossPath = C:\testfile\config_2\cross.txt and answerPath = C:\testfile\config_2\answer.txt
21:31:47 main INFO com.huawei.Main.main(26) start read input files
21:31:47 main INFO com.huawei.Main.main(40) Start write output file
21:31:47 main INFO com.huawei.Main.main(42) End...
21:33:35 main INFO com.huawei.Main.main(18) Start...
21:33:35 main INFO com.huawei.Main.main(23) carPath = C:\testfile\config_2\car.txt roadPath = C:\testfile\config_2\road.txt crossPath = C:\testfile\config_2\cross.txt and answerPath = C:\testfile\config_2\answer.txt
21:33:35 main INFO com.huawei.Main.main(26) start read input files
21:33:35 main INFO com.huawei.Main.main(40) Start write output file
21:33:35 main INFO com.huawei.Main.main(42) End...
21:34:20 main INFO com.huawei.Main.main(18) Start...
21:34:20 main INFO com.huawei.Main.main(23) carPath = C:\testfile\config_2\car.txt roadPath = C:\testfile\config_2\road.txt crossPath = C:\testfile\config_2\cross.txt and answerPath = C:\testfile\config_2\answer.txt
21:34:20 main INFO com.huawei.Main.main(26) start read input files
21:38:55 main INFO com.huawei.Main.main(18) Start...
21:38:55 main INFO com.huawei.Main.main(23) carPath = C:\testfile\config_2\car.txt roadPath = C:\testfile\config_2\road.txt crossPath = C:\testfile\config_2\cross.txt and answerPath = C:\testfile\config_2\answer.txt
21:38:55 main INFO com.huawei.Main.main(26) start read input files
21:40:23 main INFO com.huawei.Main.main(18) Start...
21:40:23 main INFO com.huawei.Main.main(23) carPath = C:\testfile\config_2\car.txt roadPath = C:\testfile\config_2\road.txt crossPath = C:\testfile\config_2\cross.txt and answerPath = C:\testfile\config_2\answer.txt
21:40:23 main INFO com.huawei.Main.main(26) start read input files
21:40:23 main INFO com.huawei.Main.main(40) Start write output file
21:40:23 main INFO com.huawei.Main.main(42) End...
21:46:19 main INFO com.huawei.Main.main(18) Start...
21:46:19 main INFO com.huawei.Main.main(23) carPath = C:\testfile\config_2\car.txt roadPath = C:\testfile\config_2\road.txt crossPath = C:\testfile\config_2\cross.txt and answerPath = C:\testfile\config_2\answer.txt
21:46:19 main INFO com.huawei.Main.main(26) start read input files
21:46:33 main INFO com.huawei.Main.main(18) Start...
21:46:33 main INFO com.huawei.Main.main(23) carPath = C:\testfile\config_2\car.txt roadPath = C:\testfile\config_2\road.txt crossPath = C:\testfile\config_2\cross.txt and answerPath = C:\testfile\config_2\answer.txt
21:46:33 main INFO com.huawei.Main.main(26) start read input files
21:46:33 main INFO com.huawei.Main.main(40) Start write output file
21:46:33 main INFO com.huawei.Main.main(42) End...
21:48:06 main INFO com.huawei.Main.main(18) Start...
21:48:06 main INFO com.huawei.Main.main(23) carPath = C:\testfile\config_2\car.txt roadPath = C:\testfile\config_2\road.txt crossPath = C:\testfile\config_2\cross.txt and answerPath = C:\testfile\config_2\answer.txt
21:48:06 main INFO com.huawei.Main.main(26) start read input files
21:48:06 main INFO com.huawei.Main.main(40) Start write output file
21:48:06 main INFO com.huawei.Main.main(42) End...
21:51:20 main INFO com.huawei.Main.main(18) Start...
21:51:20 main INFO com.huawei.Main.main(23) carPath = C:\testfile\config_2\car.txt roadPath = C:\testfile\config_2\road.txt crossPath = C:\testfile\config_2\cross.txt and answerPath = C:\testfile\config_2\answer.txt
21:51:20 main INFO com.huawei.Main.main(26) start read input files
21:51:20 main INFO com.huawei.Main.main(40) Start write output file
21:51:20 main INFO com.huawei.Main.main(42) End...
21:53:05 main INFO com.huawei.Main.main(18) Start...
21:53:05 main INFO com.huawei.Main.main(23) carPath = C:\testfile\config_2\car.txt roadPath = C:\testfile\config_2\road.txt crossPath = C:\testfile\config_2\cross.txt and answerPath = C:\testfile\config_2\answer.txt
21:53:05 main INFO com.huawei.Main.main(26) start read input files
21:53:05 main INFO com.huawei.Main.main(40) Start write output file
21:53:05 main INFO com.huawei.Main.main(42) End...
21:56:15 main INFO com.huawei.Main.main(18) Start...
21:56:15 main INFO com.huawei.Main.main(23) carPath = C:\testfile\config_2\car.txt roadPath = C:\testfile\config_2\road.txt crossPath = C:\testfile\config_2\cross.txt and answerPath = C:\testfile\config_2\answer.txt
21:56:15 main INFO com.huawei.Main.main(26) start read input files
21:56:15 main INFO com.huawei.Main.main(40) Start write output file
21:56:16 main INFO com.huawei.Main.main(42) End...
21:59:23 main INFO com.huawei.Main.main(18) Start...
21:59:23 main INFO com.huawei.Main.main(23) carPath = C:\testfile\config_2\car.txt roadPath = C:\testfile\config_2\road.txt crossPath = C:\testfile\config_2\cross.txt and answerPath = C:\testfile\config_2\answer.txt
21:59:23 main INFO com.huawei.Main.main(26) start read input files
21:59:24 main INFO com.huawei.Main.main(40) Start write output file
21:59:24 main INFO com.huawei.Main.main(42) End...
22:06:06 main INFO com.huawei.Main.main(18) Start...
22:06:06 main INFO com.huawei.Main.main(23) carPath = C:\testfile\config_2\car.txt roadPath = C:\testfile\config_2\road.txt crossPath = C:\testfile\config_2\cross.txt and answerPath = C:\testfile\config_2\answer.txt
22:06:06 main INFO com.huawei.Main.main(26) start read input files
22:06:06 main INFO com.huawei.Main.main(40) Start write output file
22:06:06 main INFO com.huawei.Main.main(42) End...
22:07:08 main INFO com.huawei.Main.main(18) Start...
22:07:08 main INFO com.huawei.Main.main(23) carPath = C:\testfile\config_2\car.txt roadPath = C:\testfile\config_2\road.txt crossPath = C:\testfile\config_2\cross.txt and answerPath = C:\testfile\config_2\answer.txt
22:07:08 main INFO com.huawei.Main.main(26) start read input files
22:08:18 main INFO com.huawei.Main.main(18) Start...
22:08:18 main INFO com.huawei.Main.main(23) carPath = C:\testfile\config_2\car.txt roadPath = C:\testfile\config_2\road.txt crossPath = C:\testfile\config_2\cross.txt and answerPath = C:\testfile\config_2\answer.txt
22:08:18 main INFO com.huawei.Main.main(26) start read input files
22:08:18 main INFO com.huawei.Main.main(40) Start write output file
22:08:18 main INFO com.huawei.Main.main(42) End...
22:09:27 main INFO com.huawei.Main.main(18) Start...
22:09:27 main INFO com.huawei.Main.main(23) carPath = C:\testfile\config_2\car.txt roadPath = C:\testfile\config_2\road.txt crossPath = C:\testfile\config_2\cross.txt and answerPath = C:\testfile\config_2\answer.txt
22:09:27 main INFO com.huawei.Main.main(26) start read input files
22:09:27 main INFO com.huawei.Main.main(40) Start write output file
22:09:27 main INFO com.huawei.Main.main(42) End...
22:10:24 main INFO com.huawei.Main.main(18) Start...
22:10:24 main INFO com.huawei.Main.main(23) carPath = C:\testfile\config_2\car.txt roadPath = C:\testfile\config_2\road.txt crossPath = C:\testfile\config_2\cross.txt and answerPath = C:\testfile\config_2\answer.txt
22:10:24 main INFO com.huawei.Main.main(26) start read input files
22:10:24 main INFO com.huawei.Main.main(40) Start write output file
22:10:24 main INFO com.huawei.Main.main(42) End...
22:15:38 main INFO com.huawei.Main.main(18) Start...
22:15:38 main INFO com.huawei.Main.main(23) carPath = C:\testfile\config_2\car.txt roadPath = C:\testfile\config_2\road.txt crossPath = C:\testfile\config_2\cross.txt and answerPath = C:\testfile\config_2\answer.txt
22:15:38 main INFO com.huawei.Main.main(26) start read input files
22:15:38 main INFO com.huawei.Main.main(40) Start write output file
22:15:38 main INFO com.huawei.Main.main(42) End...
22:17:34 main INFO com.huawei.Main.main(18) Start...
22:17:34 main INFO com.huawei.Main.main(23) carPath = C:\testfile\config_2\car.txt roadPath = C:\testfile\config_2\road.txt crossPath = C:\testfile\config_2\cross.txt and answerPath = C:\testfile\config_2\answer.txt
22:17:34 main INFO com.huawei.Main.main(26) start read input files
22:17:34 main INFO com.huawei.Main.main(40) Start write output file
22:17:34 main INFO com.huawei.Main.main(42) End...
22:19:01 main INFO com.huawei.Main.main(18) Start...
22:19:01 main INFO com.huawei.Main.main(23) carPath = C:\testfile\config_2\car.txt roadPath = C:\testfile\config_2\road.txt crossPath = C:\testfile\config_2\cross.txt and answerPath = C:\testfile\config_2\answer.txt
22:19:01 main INFO com.huawei.Main.main(26) start read input files
22:19:01 main INFO com.huawei.Main.main(40) Start write output file
22:19:01 main INFO com.huawei.Main.main(42) End...
22:19:02 main INFO com.huawei.Main.main(18) Start...
22:19:02 main INFO com.huawei.Main.main(23) carPath = C:\testfile\config_2\car.txt roadPath = C:\testfile\config_2\road.txt crossPath = C:\testfile\config_2\cross.txt and answerPath = C:\testfile\config_2\answer.txt
22:19:02 main INFO com.huawei.Main.main(26) start read input files
22:19:02 main INFO com.huawei.Main.main(40) Start write output file
22:19:02 main INFO com.huawei.Main.main(42) End...
22:19:36 main INFO com.huawei.Main.main(18) Start...
22:19:36 main INFO com.huawei.Main.main(23) carPath = C:\testfile\config_2\car.txt roadPath = C:\testfile\config_2\road.txt crossPath = C:\testfile\config_2\cross.txt and answerPath = C:\testfile\config_2\answer.txt
22:19:36 main INFO com.huawei.Main.main(26) start read input files
22:19:36 main INFO com.huawei.Main.main(40) Start write output file
22:19:36 main INFO com.huawei.Main.main(42) End...
22:33:10 main INFO com.huawei.Main.main(18) Start...
22:33:10 main INFO com.huawei.Main.main(23) carPath = C:\testfile\config_2\car.txt roadPath = C:\testfile\config_2\road.txt crossPath = C:\testfile\config_2\cross.txt and answerPath = C:\testfile\config_2\answer.txt
22:33:10 main INFO com.huawei.Main.main(26) start read input files
22:33:10 main INFO com.huawei.Main.main(37) Start write output file
22:33:10 main INFO com.huawei.Main.main(39) End...
13:14:11 main INFO com.huawei.Main.main(18) Start...
13:14:12 main INFO com.huawei.Main.main(23) carPath = C:\testfile\config_2\car.txt roadPath = C:\testfile\config_2\road.txt crossPath = C:\testfile\config_2\cross.txt and answerPath = C:\testfile\config_2\answer.txt
13:14:12 main INFO com.huawei.Main.main(26) start read input files
13:14:12 main INFO com.huawei.Main.main(37) Start write output file
13:14:12 main INFO com.huawei.Main.main(39) End...
13:21:49 main INFO com.huawei.Main.main(18) Start...
13:21:49 main INFO com.huawei.Main.main(23) carPath = C:\testfile\config_2\car.txt roadPath = C:\testfile\config_2\road.txt crossPath = C:\testfile\config_2\cross.txt and answerPath = C:\testfile\config_2\answer.txt
13:21:49 main INFO com.huawei.Main.main(26) start read input files
13:21:49 main INFO com.huawei.Main.main(37) Start write output file
13:21:49 main INFO com.huawei.Main.main(39) End...
13:59:54 main INFO com.huawei.Main.main(18) Start...
13:59:54 main INFO com.huawei.Main.main(23) carPath = C:\testfile\1-map-training-1\car.txt roadPath = C:\testfile\1-map-training-1\road.txt crossPath = C:\testfile\1-map-training-1\cross.txt and answerPath = C:\testfile\1-map-training-1\answer.txt
13:59:54 main INFO com.huawei.Main.main(26) start read input files
13:59:54 main INFO com.huawei.Main.main(37) Start write output file
13:59:55 main INFO com.huawei.Main.main(39) End...
15:41:33 main INFO com.huawei.Main.main(18) Start...
15:41:34 main INFO com.huawei.Main.main(23) carPath = C:\testfile\1-map-training-1\car.txt roadPath = C:\testfile\1-map-training-1\road.txt crossPath = C:\testfile\1-map-training-1\cross.txt and answerPath = C:\testfile\1-map-training-1\answer.txt
15:41:34 main INFO com.huawei.Main.main(26) start read input files
15:41:34 main INFO com.huawei.Main.main(37) Start write output file
15:41:34 main INFO com.huawei.Main.main(39) End...
15:48:02 main INFO com.huawei.Main.main(18) Start...
15:48:02 main INFO com.huawei.Main.main(23) carPath = C:\testfile\1-map-training-1\car.txt roadPath = C:\testfile\1-map-training-1\road.txt crossPath = C:\testfile\1-map-training-1\cross.txt and answerPath = C:\testfile\1-map-training-1\answer.txt
15:48:02 main INFO com.huawei.Main.main(26) start read input files
15:48:03 main INFO com.huawei.Main.main(37) Start write output file
15:48:04 main INFO com.huawei.Main.main(39) End...
15:53:32 main INFO com.huawei.Main.main(18) Start...
15:53:32 main INFO com.huawei.Main.main(23) carPath = C:\testfile\1-map-training-1\car.txt roadPath = C:\testfile\1-map-training-1\road.txt crossPath = C:\testfile\1-map-training-1\cross.txt and answerPath = C:\testfile\1-map-training-1\answer.txt
15:53:32 main INFO com.huawei.Main.main(26) start read input files
15:53:33 main INFO com.huawei.Main.main(37) Start write output file
15:53:33 main INFO com.huawei.Main.main(39) End...
16:40:27 main INFO com.huawei.Main.main(18) Start...
16:40:27 main INFO com.huawei.Main.main(23) carPath = C:\testfile\1-map-training-1\car.txt roadPath = C:\testfile\1-map-training-1\road.txt crossPath = C:\testfile\1-map-training-1\cross.txt and answerPath = C:\testfile\1-map-training-1\answer.txt
16:40:27 main INFO com.huawei.Main.main(26) start read input files
16:40:28 main INFO com.huawei.Main.main(37) Start write output file
16:40:28 main INFO com.huawei.Main.main(39) End...
16:44:45 main INFO com.huawei.Main.main(18) Start...
16:44:45 main INFO com.huawei.Main.main(23) carPath = C:\testfile\1-map-training-1\car.txt roadPath = C:\testfile\1-map-training-1\road.txt crossPath = C:\testfile\1-map-training-1\cross.txt and answerPath = C:\testfile\1-map-training-1\answer.txt
16:44:45 main INFO com.huawei.Main.main(26) start read input files
16:44:46 main INFO com.huawei.Main.main(37) Start write output file
16:44:46 main INFO com.huawei.Main.main(39) End...
16:46:53 main INFO com.huawei.Main.main(18) Start...
16:46:53 main INFO com.huawei.Main.main(23) carPath = C:\testfile\1-map-training-1\car.txt roadPath = C:\testfile\1-map-training-1\road.txt crossPath = C:\testfile\1-map-training-1\cross.txt and answerPath = C:\testfile\1-map-training-1\answer.txt
16:46:53 main INFO com.huawei.Main.main(26) start read input files
16:46:54 main INFO com.huawei.Main.main(37) Start write output file
16:46:54 main INFO com.huawei.Main.main(39) End...
16:47:47 main INFO com.huawei.Main.main(18) Start...
16:47:47 main INFO com.huawei.Main.main(23) carPath = C:\testfile\1-map-training-1\car.txt roadPath = C:\testfile\1-map-training-1\road.txt crossPath = C:\testfile\1-map-training-1\cross.txt and answerPath = C:\testfile\1-map-training-1\answer.txt
16:47:47 main INFO com.huawei.Main.main(26) start read input files
16:47:48 main INFO com.huawei.Main.main(37) Start write output file
16:47:48 main INFO com.huawei.Main.main(39) End...
16:48:14 main INFO com.huawei.Main.main(18) Start...
16:48:14 main INFO com.huawei.Main.main(23) carPath = C:\testfile\1-map-training-1\car.txt roadPath = C:\testfile\1-map-training-1\road.txt crossPath = C:\testfile\1-map-training-1\cross.txt and answerPath = C:\testfile\1-map-training-1\answer.txt
16:48:14 main INFO com.huawei.Main.main(26) start read input files
16:48:14 main INFO com.huawei.Main.main(37) Start write output file
16:48:15 main INFO com.huawei.Main.main(39) End...
16:51:29 main INFO com.huawei.Main.main(18) Start...
16:51:29 main INFO com.huawei.Main.main(23) carPath = C:\testfile\1-map-training-1\car.txt roadPath = C:\testfile\1-map-training-1\road.txt crossPath = C:\testfile\1-map-training-1\cross.txt and answerPath = C:\testfile\1-map-training-1\answer.txt
16:51:29 main INFO com.huawei.Main.main(26) start read input files
16:51:30 main INFO com.huawei.Main.main(37) Start write output file
16:51:31 main INFO com.huawei.Main.main(39) End...
16:51:56 main INFO com.huawei.Main.main(18) Start...
16:51:56 main INFO com.huawei.Main.main(23) carPath = C:\testfile\1-map-training-1\car.txt roadPath = C:\testfile\1-map-training-1\road.txt crossPath = C:\testfile\1-map-training-1\cross.txt and answerPath = C:\testfile\1-map-training-1\answer.txt
16:51:56 main INFO com.huawei.Main.main(26) start read input files
16:51:57 main INFO com.huawei.Main.main(37) Start write output file
16:51:57 main INFO com.huawei.Main.main(39) End...
16:55:12 main INFO com.huawei.Main.main(18) Start...
16:55:12 main INFO com.huawei.Main.main(23) carPath = C:\testfile\1-map-training-1\car.txt roadPath = C:\testfile\1-map-training-1\road.txt crossPath = C:\testfile\1-map-training-1\cross.txt and answerPath = C:\testfile\1-map-training-1\answer.txt
16:55:12 main INFO com.huawei.Main.main(26) start read input files
16:55:13 main INFO com.huawei.Main.main(37) Start write output file
16:55:14 main INFO com.huawei.Main.main(39) End...
17:00:29 main INFO com.huawei.Main.main(18) Start...
17:00:29 main INFO com.huawei.Main.main(23) carPath = C:\testfile\1-map-training-1\car.txt roadPath = C:\testfile\1-map-training-1\road.txt crossPath = C:\testfile\1-map-training-1\cross.txt and answerPath = C:\testfile\1-map-training-1\answer.txt
17:00:29 main INFO com.huawei.Main.main(26) start read input files
17:00:30 main INFO com.huawei.Main.main(37) Start write output file
17:00:30 main INFO com.huawei.Main.main(39) End...
17:01:56 main INFO com.huawei.Main.main(18) Start...
17:01:56 main INFO com.huawei.Main.main(23) carPath = C:\testfile\1-map-training-1\car.txt roadPath = C:\testfile\1-map-training-1\road.txt crossPath = C:\testfile\1-map-training-1\cross.txt and answerPath = C:\testfile\1-map-training-1\answer.txt
17:01:56 main INFO com.huawei.Main.main(26) start read input files
17:01:57 main INFO com.huawei.Main.main(37) Start write output file
17:01:57 main INFO com.huawei.Main.main(39) End...
17:02:52 main INFO com.huawei.Main.main(18) Start...
17:02:52 main INFO com.huawei.Main.main(23) carPath = C:\testfile\1-map-training-1\car.txt roadPath = C:\testfile\1-map-training-1\road.txt crossPath = C:\testfile\1-map-training-1\cross.txt and answerPath = C:\testfile\1-map-training-1\answer.txt
17:02:52 main INFO com.huawei.Main.main(26) start read input files
17:02:53 main INFO com.huawei.Main.main(37) Start write output file
17:02:54 main INFO com.huawei.Main.main(39) End...
17:04:57 main INFO com.huawei.Main.main(18) Start...
17:04:57 main INFO com.huawei.Main.main(23) carPath = C:\testfile\1-map-training-1\car.txt roadPath = C:\testfile\1-map-training-1\road.txt crossPath = C:\testfile\1-map-training-1\cross.txt and answerPath = C:\testfile\1-map-training-1\answer.txt
17:04:57 main INFO com.huawei.Main.main(26) start read input files
17:04:58 main INFO com.huawei.Main.main(37) Start write output file
17:04:58 main INFO com.huawei.Main.main(39) End...
17:05:37 main INFO com.huawei.Main.main(18) Start...
17:05:37 main INFO com.huawei.Main.main(23) carPath = C:\testfile\1-map-training-1\car.txt roadPath = C:\testfile\1-map-training-1\road.txt crossPath = C:\testfile\1-map-training-1\cross.txt and answerPath = C:\testfile\1-map-training-1\answer.txt
17:05:37 main INFO com.huawei.Main.main(26) start read input files
17:05:38 main INFO com.huawei.Main.main(37) Start write output file
17:05:38 main INFO com.huawei.Main.main(39) End...
17:06:41 main INFO com.huawei.Main.main(18) Start...
17:06:41 main INFO com.huawei.Main.main(23) carPath = C:\testfile\1-map-training-1\car.txt roadPath = C:\testfile\1-map-training-1\road.txt crossPath = C:\testfile\1-map-training-1\cross.txt and answerPath = C:\testfile\1-map-training-1\answer.txt
17:06:41 main INFO com.huawei.Main.main(26) start read input files
17:06:41 main INFO com.huawei.Main.main(37) Start write output file
17:06:42 main INFO com.huawei.Main.main(39) End...
17:07:36 main INFO com.huawei.Main.main(18) Start...
17:07:36 main INFO com.huawei.Main.main(23) carPath = C:\testfile\1-map-training-1\car.txt roadPath = C:\testfile\1-map-training-1\road.txt crossPath = C:\testfile\1-map-training-1\cross.txt and answerPath = C:\testfile\1-map-training-1\answer.txt
17:07:36 main INFO com.huawei.Main.main(26) start read input files
17:07:37 main INFO com.huawei.Main.main(37) Start write output file
17:07:37 main INFO com.huawei.Main.main(39) End...
20:03:20 main INFO com.huawei.Main.main(18) Start...
20:03:20 main INFO com.huawei.Main.main(23) carPath = C:\testfile\1-map-training-1\car.txt roadPath = C:\testfile\1-map-training-1\road.txt crossPath = C:\testfile\1-map-training-1\cross.txt and answerPath = C:\testfile\1-map-training-1\answer.txt
20:03:20 main INFO com.huawei.Main.main(26) start read input files
20:03:21 main INFO com.huawei.Main.main(37) Start write output file
20:03:21 main INFO com.huawei.Main.main(39) End...
20:09:29 main INFO com.huawei.Main.main(18) Start...
20:09:29 main INFO com.huawei.Main.main(23) carPath = C:\testfile\1-map-training-2\car.txt roadPath = C:\testfile\1-map-training-2\road.txt crossPath = C:\testfile\1-map-training-2\cross.txt and answerPath = C:\testfile\1-map-training-2\answer.txt
20:09:29 main INFO com.huawei.Main.main(26) start read input files
20:09:30 main INFO com.huawei.Main.main(37) Start write output file
20:09:30 main INFO com.huawei.Main.main(39) End...
20:12:29 main INFO com.huawei.Main.main(18) Start...
20:12:29 main INFO com.huawei.Main.main(23) carPath = C:\testfile\1-map-training-2\car.txt roadPath = C:\testfile\1-map-training-2\road.txt crossPath = C:\testfile\1-map-training-2\cross.txt and answerPath = C:\testfile\1-map-training-2\answer.txt
20:12:29 main INFO com.huawei.Main.main(26) start read input files
20:12:30 main INFO com.huawei.Main.main(37) Start write output file
20:12:30 main INFO com.huawei.Main.main(39) End...
20:13:37 main INFO com.huawei.Main.main(18) Start...
20:13:37 main INFO com.huawei.Main.main(23) carPath = C:\testfile\1-map-training-1\car.txt roadPath = C:\testfile\1-map-training-1\road.txt crossPath = C:\testfile\1-map-training-1\cross.txt and answerPath = C:\testfile\1-map-training-1\answer.txt
20:13:37 main INFO com.huawei.Main.main(26) start read input files
20:13:38 main INFO com.huawei.Main.main(37) Start write output file
20:13:38 main INFO com.huawei.Main.main(39) End...
20:15:35 main INFO com.huawei.Main.main(18) Start...
20:15:35 main INFO com.huawei.Main.main(23) carPath = C:\testfile\1-map-training-1\car.txt roadPath = C:\testfile\1-map-training-1\road.txt crossPath = C:\testfile\1-map-training-1\cross.txt and answerPath = C:\testfile\1-map-training-1\answer.txt
20:15:35 main INFO com.huawei.Main.main(26) start read input files
20:15:36 main INFO com.huawei.Main.main(18) Start...
20:15:36 main INFO com.huawei.Main.main(23) carPath = C:\testfile\1-map-training-1\car.txt roadPath = C:\testfile\1-map-training-1\road.txt crossPath = C:\testfile\1-map-training-1\cross.txt and answerPath = C:\testfile\1-map-training-1\answer.txt
20:15:36 main INFO com.huawei.Main.main(26) start read input files
20:15:37 main INFO com.huawei.Main.main(37) Start write output file
20:15:37 main INFO com.huawei.Main.main(39) End...
20:15:37 main INFO com.huawei.Main.main(37) Start write output file
20:15:37 main INFO com.huawei.Main.main(39) End...
20:16:45 main INFO com.huawei.Main.main(18) Start...
20:16:45 main INFO com.huawei.Main.main(23) carPath = C:\testfile\1-map-training-2\car.txt roadPath = C:\testfile\1-map-training-2\road.txt crossPath = C:\testfile\1-map-training-2\cross.txt and answerPath = C:\testfile\1-map-training-2\answer.txt
20:16:45 main INFO com.huawei.Main.main(26) start read input files
20:16:47 main INFO com.huawei.Main.main(37) Start write output file
20:16:47 main INFO com.huawei.Main.main(39) End...
20:20:19 main INFO com.huawei.Main.main(18) Start...
20:20:19 main INFO com.huawei.Main.main(23) carPath = C:\testfile\1-map-training-2\car.txt roadPath = C:\testfile\1-map-training-2\road.txt crossPath = C:\testfile\1-map-training-2\cross.txt and answerPath = C:\testfile\1-map-training-2\answer.txt
20:20:19 main INFO com.huawei.Main.main(26) start read input files
20:20:20 main INFO com.huawei.Main.main(37) Start write output file
20:20:20 main INFO com.huawei.Main.main(39) End...
20:25:23 main INFO com.huawei.Main.main(18) Start...
20:25:23 main INFO com.huawei.Main.main(23) carPath = C:\testfile\1-map-training-2\car.txt roadPath = C:\testfile\1-map-training-2\road.txt crossPath = C:\testfile\1-map-training-2\cross.txt and answerPath = C:\testfile\1-map-training-2\answer.txt
20:25:23 main INFO com.huawei.Main.main(26) start read input files
20:25:24 main INFO com.huawei.Main.main(37) Start write output file
20:25:24 main INFO com.huawei.Main.main(39) End...
20:27:41 main INFO com.huawei.Main.main(18) Start...
20:27:41 main INFO com.huawei.Main.main(23) carPath = C:\testfile\1-map-training-2\car.txt roadPath = C:\testfile\1-map-training-2\road.txt crossPath = C:\testfile\1-map-training-2\cross.txt and answerPath = C:\testfile\1-map-training-2\answer.txt
20:27:41 main INFO com.huawei.Main.main(26) start read input files
20:27:42 main INFO com.huawei.Main.main(37) Start write output file
20:27:43 main INFO com.huawei.Main.main(39) End...
20:28:14 main INFO com.huawei.Main.main(18) Start...
20:28:14 main INFO com.huawei.Main.main(23) carPath = C:\testfile\1-map-training-1\car.txt roadPath = C:\testfile\1-map-training-1\road.txt crossPath = C:\testfile\1-map-training-1\cross.txt and answerPath = C:\testfile\1-map-training-1\answer.txt
20:28:14 main INFO com.huawei.Main.main(26) start read input files
20:28:15 main INFO com.huawei.Main.main(37) Start write output file
20:28:15 main INFO com.huawei.Main.main(39) End...
20:28:43 main INFO com.huawei.Main.main(18) Start...
20:28:43 main INFO com.huawei.Main.main(23) carPath = C:\testfile\1-map-training-1\car.txt roadPath = C:\testfile\1-map-training-1\road.txt crossPath = C:\testfile\1-map-training-1\cross.txt and answerPath = C:\testfile\1-map-training-1\answer.txt
20:28:43 main INFO com.huawei.Main.main(26) start read input files
20:28:44 main INFO com.huawei.Main.main(37) Start write output file
20:28:44 main INFO com.huawei.Main.main(39) End...
20:59:49 main INFO com.huawei.Main.main(18) Start...
20:59:49 main INFO com.huawei.Main.main(23) carPath = C:\testfile\1-map-training-1\car.txt roadPath = C:\testfile\1-map-training-1\road.txt crossPath = C:\testfile\1-map-training-1\cross.txt and answerPath = C:\testfile\1-map-training-1\answer.txt
20:59:49 main INFO com.huawei.Main.main(26) start read input files
20:59:51 main INFO com.huawei.Main.main(37) Start write output file
20:59:51 main INFO com.huawei.Main.main(39) End...
21:04:00 main INFO com.huawei.Main.main(18) Start...
21:04:00 main INFO com.huawei.Main.main(23) carPath = C:\testfile\1-map-training-1\car.txt roadPath = C:\testfile\1-map-training-1\road.txt crossPath = C:\testfile\1-map-training-1\cross.txt and answerPath = C:\testfile\1-map-training-1\answer.txt
21:04:00 main INFO com.huawei.Main.main(26) start read input files
21:04:01 main INFO com.huawei.Main.main(37) Start write output file
21:04:01 main INFO com.huawei.Main.main(39) End...
21:08:38 main INFO com.huawei.Main.main(18) Start...
21:08:38 main INFO com.huawei.Main.main(23) carPath = C:\testfile\1-map-training-1\car.txt roadPath = C:\testfile\1-map-training-1\road.txt crossPath = C:\testfile\1-map-training-1\cross.txt and answerPath = C:\testfile\1-map-training-1\answer.txt
21:08:38 main INFO com.huawei.Main.main(26) start read input files
21:08:39 main INFO com.huawei.Main.main(37) Start write output file
21:08:39 main INFO com.huawei.Main.main(39) End...
21:08:59 main INFO com.huawei.Main.main(18) Start...
21:08:59 main INFO com.huawei.Main.main(23) carPath = C:\testfile\1-map-training-1\car.txt roadPath = C:\testfile\1-map-training-1\road.txt crossPath = C:\testfile\1-map-training-1\cross.txt and answerPath = C:\testfile\1-map-training-1\answer.txt
21:08:59 main INFO com.huawei.Main.main(26) start read input files
21:09:00 main INFO com.huawei.Main.main(37) Start write output file
21:09:00 main INFO com.huawei.Main.main(39) End...
21:11:13 main INFO com.huawei.Main.main(18) Start...
21:11:13 main INFO com.huawei.Main.main(23) carPath = C:\testfile\1-map-training-1\car.txt roadPath = C:\testfile\1-map-training-1\road.txt crossPath = C:\testfile\1-map-training-1\cross.txt and answerPath = C:\testfile\1-map-training-1\answer.txt
21:11:13 main INFO com.huawei.Main.main(26) start read input files
21:11:14 main INFO com.huawei.Main.main(37) Start write output file
21:11:14 main INFO com.huawei.Main.main(39) End...
21:16:26 main INFO com.huawei.Main.main(18) Start...
21:16:26 main INFO com.huawei.Main.main(23) carPath = C:\testfile\1-map-training-1\car.txt roadPath = C:\testfile\1-map-training-1\road.txt crossPath = C:\testfile\1-map-training-1\cross.txt and answerPath = C:\testfile\1-map-training-1\answer.txt
21:16:26 main INFO com.huawei.Main.main(26) start read input files
21:16:27 main INFO com.huawei.Main.main(37) Start write output file
21:16:27 main INFO com.huawei.Main.main(39) End...
21:17:19 main INFO com.huawei.Main.main(18) Start...
21:17:19 main INFO com.huawei.Main.main(23) carPath = C:\testfile\1-map-training-1\car.txt roadPath = C:\testfile\1-map-training-1\road.txt crossPath = C:\testfile\1-map-training-1\cross.txt and answerPath = C:\testfile\1-map-training-1\answer.txt
21:17:19 main INFO com.huawei.Main.main(26) start read input files
21:17:20 main INFO com.huawei.Main.main(37) Start write output file
21:17:20 main INFO com.huawei.Main.main(39) End...
21:18:36 main INFO com.huawei.Main.main(18) Start...
21:18:36 main INFO com.huawei.Main.main(23) carPath = C:\testfile\1-map-training-1\car.txt roadPath = C:\testfile\1-map-training-1\road.txt crossPath = C:\testfile\1-map-training-1\cross.txt and answerPath = C:\testfile\1-map-training-1\answer.txt
21:18:36 main INFO com.huawei.Main.main(26) start read input files
21:18:36 main INFO com.huawei.Main.main(37) Start write output file
21:18:36 main INFO com.huawei.Main.main(39) End...
21:19:09 main INFO com.huawei.Main.main(18) Start...
21:19:09 main INFO com.huawei.Main.main(23) carPath = C:\testfile\1-map-training-1\car.txt roadPath = C:\testfile\1-map-training-1\road.txt crossPath = C:\testfile\1-map-training-1\cross.txt and answerPath = C:\testfile\1-map-training-1\answer.txt
21:19:09 main INFO com.huawei.Main.main(26) start read input files
21:19:10 main INFO com.huawei.Main.main(37) Start write output file
21:19:10 main INFO com.huawei.Main.main(39) End...
21:19:47 main INFO com.huawei.Main.main(18) Start...
21:19:47 main INFO com.huawei.Main.main(23) carPath = C:\testfile\1-map-training-1\car.txt roadPath = C:\testfile\1-map-training-1\road.txt crossPath = C:\testfile\1-map-training-1\cross.txt and answerPath = C:\testfile\1-map-training-1\answer.txt
21:19:47 main INFO com.huawei.Main.main(26) start read input files
21:19:48 main INFO com.huawei.Main.main(37) Start write output file
21:19:48 main INFO com.huawei.Main.main(39) End...
21:20:14 main INFO com.huawei.Main.main(18) Start...
21:20:14 main INFO com.huawei.Main.main(23) carPath = C:\testfile\1-map-training-1\car.txt roadPath = C:\testfile\1-map-training-1\road.txt crossPath = C:\testfile\1-map-training-1\cross.txt and answerPath = C:\testfile\1-map-training-1\answer.txt
21:20:14 main INFO com.huawei.Main.main(26) start read input files
21:20:15 main INFO com.huawei.Main.main(37) Start write output file
21:20:15 main INFO com.huawei.Main.main(39) End...
21:20:41 main INFO com.huawei.Main.main(18) Start...
21:20:41 main INFO com.huawei.Main.main(23) carPath = C:\testfile\1-map-training-1\car.txt roadPath = C:\testfile\1-map-training-1\road.txt crossPath = C:\testfile\1-map-training-1\cross.txt and answerPath = C:\testfile\1-map-training-1\answer.txt
21:20:41 main INFO com.huawei.Main.main(26) start read input files
21:20:41 main INFO com.huawei.Main.main(37) Start write output file
21:20:41 main INFO com.huawei.Main.main(39) End...
21:22:05 main INFO com.huawei.Main.main(18) Start...
21:22:05 main INFO com.huawei.Main.main(23) carPath = C:\testfile\1-map-training-1\car.txt roadPath = C:\testfile\1-map-training-1\road.txt crossPath = C:\testfile\1-map-training-1\cross.txt and answerPath = C:\testfile\1-map-training-1\answer.txt
21:22:05 main INFO com.huawei.Main.main(26) start read input files
21:22:05 main INFO com.huawei.Main.main(37) Start write output file
21:22:05 main INFO com.huawei.Main.main(39) End...
21:24:04 main INFO com.huawei.Main.main(18) Start...
21:24:04 main INFO com.huawei.Main.main(23) carPath = C:\testfile\1-map-training-1\car.txt roadPath = C:\testfile\1-map-training-1\road.txt crossPath = C:\testfile\1-map-training-1\cross.txt and answerPath = C:\testfile\1-map-training-1\answer.txt
21:24:04 main INFO com.huawei.Main.main(26) start read input files
21:24:05 main INFO com.huawei.Main.main(37) Start write output file
21:24:05 main INFO com.huawei.Main.main(39) End...
21:24:36 main INFO com.huawei.Main.main(18) Start...
21:24:36 main INFO com.huawei.Main.main(23) carPath = C:\testfile\1-map-training-1\car.txt roadPath = C:\testfile\1-map-training-1\road.txt crossPath = C:\testfile\1-map-training-1\cross.txt and answerPath = C:\testfile\1-map-training-1\answer.txt
21:24:36 main INFO com.huawei.Main.main(26) start read input files
21:24:37 main INFO com.huawei.Main.main(37) Start write output file
21:24:37 main INFO com.huawei.Main.main(39) End...
21:24:56 main INFO com.huawei.Main.main(18) Start...
21:24:56 main INFO com.huawei.Main.main(23) carPath = C:\testfile\1-map-training-1\car.txt roadPath = C:\testfile\1-map-training-1\road.txt crossPath = C:\testfile\1-map-training-1\cross.txt and answerPath = C:\testfile\1-map-training-1\answer.txt
21:24:56 main INFO com.huawei.Main.main(26) start read input files
21:24:57 main INFO com.huawei.Main.main(37) Start write output file
21:24:57 main INFO com.huawei.Main.main(39) End...
18:36:39 main INFO com.huawei.Main.main(18) Start...
18:36:39 main INFO com.huawei.Main.main(23) carPath = C:\testfile\1-map-training-1\car.txt roadPath = C:\testfile\1-map-training-1\road.txt crossPath = C:\testfile\1-map-training-1\cross.txt and answerPath = C:\testfile\1-map-training-1\answer.txt
18:36:39 main INFO com.huawei.Main.main(26) start read input files
18:36:43 main INFO com.huawei.Main.main(37) Start write output file
18:36:43 main INFO com.huawei.Main.main(39) End...
18:38:46 main INFO com.huawei.Main.main(18) Start...
18:38:46 main INFO com.huawei.Main.main(23) carPath = C:\testfile\1-map-training-1\car.txt roadPath = C:\testfile\1-map-training-1\road.txt crossPath = C:\testfile\1-map-training-1\cross.txt and answerPath = C:\testfile\1-map-training-1\answer.txt
18:38:46 main INFO com.huawei.Main.main(26) start read input files
18:38:47 main INFO com.huawei.Main.main(37) Start write output file
18:38:47 main INFO com.huawei.Main.main(39) End...
18:41:22 main INFO com.huawei.Main.main(18) Start...
18:41:22 main INFO com.huawei.Main.main(23) carPath = C:\testfile\1-map-training-1\car.txt roadPath = C:\testfile\1-map-training-1\road.txt crossPath = C:\testfile\1-map-training-1\cross.txt and answerPath = C:\testfile\1-map-training-1\answer.txt
18:41:22 main INFO com.huawei.Main.main(26) start read input files
18:41:23 main INFO com.huawei.Main.main(37) Start write output file
18:41:23 main INFO com.huawei.Main.main(39) End...
18:41:50 main INFO com.huawei.Main.main(18) Start...
18:41:50 main INFO com.huawei.Main.main(23) carPath = C:\testfile\1-map-training-1\car.txt roadPath = C:\testfile\1-map-training-1\road.txt crossPath = C:\testfile\1-map-training-1\cross.txt and answerPath = C:\testfile\1-map-training-1\answer.txt
18:41:50 main INFO com.huawei.Main.main(26) start read input files
18:41:51 main INFO com.huawei.Main.main(37) Start write output file
18:41:51 main INFO com.huawei.Main.main(39) End...
